sdk/build/intermediates/aapt_proguard_file/release/aapt_rules.txt
# Generated by the gradle plugin
-keep class io.moneytise.service.MoneytiserService { <init>(...); }
-keep class io.moneytise.support.NetworkStateReceiver { <init>(...); }