sdk/build/outputs/mapping/release/seeds.txt
io.moneytise.R$style: int TextAppearance_AppCompat_Display3
io.moneytise.R$attr: int actionModeBackground
io.moneytise.R$styleable: int AppCompatTheme_colorAccent
io.moneytise.R$styleable: int AppCompatTheme_panelMenuListTheme
io.moneytise.R$drawable: int abc_cab_background_internal_bg
io.moneytise.R$dimen: int notification_top_pad_large_text
io.moneytise.R$string: int moneytiser_uid_key
io.moneytise.R$color: int abc_btn_colored_text_material
io.moneytise.R$style: int Base_V21_Theme_AppCompat
io.moneytise.R$color: int abc_tint_edittext
io.moneytise.R$style: int Widget_AppCompat_ActionButton_CloseMode
io.moneytise.R$styleable: int AppCompatTheme_actionModeCutDrawable
io.moneytise.R$style: int Base_AlertDialog_AppCompat_Light
io.moneytise.R$styleable: int AppCompatTheme_actionModeStyle
io.moneytise.R$style: int Widget_AppCompat_Light_Spinner_DropDown_ActionBar
io.moneytise.R$layout: int abc_select_dialog_material
io.moneytise.R$attr: int textAppearanceListItemSmall
io.moneytise.R$style: int TextAppearance_AppCompat_Widget_Button
io.moneytise.R$id: int tag_unhandled_key_event_manager
io.moneytise.R$drawable: int abc_ic_star_black_36dp
io.moneytise.R$style: int Widget_AppCompat_ListView_DropDown
io.moneytise.R$style: int TextAppearance_AppCompat_Body1
io.moneytise.R$styleable: int[] CoordinatorLayout_Layout
io.moneytise.R$dimen: int abc_select_dialog_padding_start_material
io.moneytise.R$dimen: int abc_dropdownitem_text_padding_left
io.moneytise.R$styleable: int AppCompatTheme_controlBackground
io.moneytise.R$attr: int expandActivityOverflowButtonDrawable
io.moneytise.R$style: int Base_Widget_AppCompat_Light_ActionBar_TabBar
io.moneytise.R$drawable: int abc_ic_voice_search_api_material
io.moneytise.R$style: int Base_TextAppearance_AppCompat_Widget_PopupMenu_Small
io.moneytise.R$drawable: int abc_textfield_activated_mtrl_alpha
io.moneytise.R$styleable: int LinearLayoutCompat_android_orientation
io.moneytise.R$styleable: int ActionMode_backgroundSplit
io.moneytise.R$color: int material_grey_900
io.moneytise.R$dimen: int abc_text_size_small_material
io.moneytise.R$styleable: int DrawerArrowToggle_thickness
io.moneytise.R$styleable: int LinearLayoutCompat_Layout_android_layout_weight
io.moneytise.R$style: int Animation_AppCompat_Dialog
io.moneytise.R$style: int TextAppearance_AppCompat_Large_Inverse
io.moneytise.R$attr: int listChoiceBackgroundIndicator
io.moneytise.R$style: R$style()
io.moneytise.R$style: int Widget_AppCompat_ActionBar_TabView
io.moneytise.R$style: int Base_Widget_AppCompat_PopupMenu_Overflow
io.moneytise.R$styleable: int SearchView_searchIcon
io.moneytise.R$styleable: int AppCompatTextView_autoSizeMinTextSize
io.moneytise.R$style: int Base_ThemeOverlay_AppCompat_Dark_ActionBar
io.moneytise.R$styleable: int Toolbar_subtitle
io.moneytise.R$layout: int abc_alert_dialog_title_material
io.moneytise.R$dimen: int abc_alert_dialog_button_bar_height
io.moneytise.R$style: int Base_Theme_AppCompat_DialogWhenLarge
io.moneytise.R$attr: int subMenuArrow
io.moneytise.R$styleable: int AnimatedStateListDrawableCompat_android_dither
io.moneytise.R$styleable: int AnimatedStateListDrawableTransition_android_toId
io.moneytise.R$style: int Base_TextAppearance_AppCompat_Display3
io.moneytise.R$styleable: int AppCompatTextView_autoSizeStepGranularity
io.moneytise.R$style: int Platform_Widget_AppCompat_Spinner
io.moneytise.R$styleable: int AppCompatTheme_colorSwitchThumbNormal
io.moneytise.R$dimen: int abc_text_size_subhead_material
io.moneytise.R$styleable: R$styleable()
io.moneytise.Moneytiser$Builder: java.lang.String access$200(io.moneytise.Moneytiser$Builder)
io.moneytise.R$string: int moneytiser_connected
io.moneytise.R$anim: R$anim()
io.moneytise.R$dimen: int notification_media_narrow_margin
io.moneytise.R$attr: int buttonBarButtonStyle
io.moneytise.R$style: int Widget_AppCompat_Spinner_DropDown_ActionBar
io.moneytise.R$attr: int actionModePopupWindowStyle
io.moneytise.R$style: int Widget_AppCompat_Light_ActionBar