sdk/build/outputs/mapping/release/mapping.txt
# compiler: R8
# compiler_version: 2.0.74
# pg_map_id: 3620460
# common_typos_disable
io.moneytise.Moneytiser -> io.moneytise.Moneytiser:
    android.content.Context mContext -> a
    java.lang.String publisher -> g
    boolean userStopRequest -> n
    java.lang.String category -> f
    java.lang.String regEndpoint -> i
    java.lang.String baseUrl -> h
    long delayMillis -> k
    io.moneytise.support.ConfigManager mConfigManager -> c
    java.lang.String getEndpoint -> j
    boolean loggable -> l
    java.lang.String REG_ENDPOINT -> o
    java.lang.String GET_ENDPOINT -> p
    io.moneytise.data.DataStore mDataStore -> d
    io.moneytise.service.HttpManager mHttpManager -> b
    io.moneytise.Moneytiser instance -> m
    io.moneytise.Moneytiser$ProxyServiceConnection proxyServiceConnection -> e
    java.lang.String access$1000() -> a
    io.moneytise.Moneytiser access$1100(android.content.Context,io.moneytise.Moneytiser$Builder) -> a
    io.moneytise.Moneytiser getInstance(boolean) -> a
    java.lang.String access$900() -> b
    io.moneytise.Moneytiser create(android.content.Context,io.moneytise.Moneytiser$Builder) -> b
    java.lang.String getBaseUrl() -> c
    java.lang.String getCategory() -> d
    io.moneytise.support.ConfigManager getConfigManager() -> e
    io.moneytise.data.DataStore getDataStore() -> f
    long getDelayMillis() -> g
    java.lang.String getGetEndpoint() -> h
    io.moneytise.service.HttpManager getHttpManager() -> i
    java.lang.String getPublisher() -> j
    java.lang.String getRegEndpoint() -> k
    boolean isLoggable() -> l
io.moneytise.Moneytiser$1 -> io.moneytise.Moneytiser$a:
io.moneytise.Moneytiser$Events -> io.moneytise.Moneytiser$b:
    io.moneytise.Moneytiser$Events[] $VALUES -> d
    io.moneytise.Moneytiser$Events ERROR_CATCHED -> a
    io.moneytise.Moneytiser$Events GET_CONFIG -> c
    io.moneytise.Moneytiser$Events REGISTERED -> b
io.moneytise.Moneytiser$ProxyServiceConnection -> io.moneytise.Moneytiser$c:
    io.moneytise.service.MoneytiserService moneytiserService -> a
    boolean bound -> b
    io.moneytise.service.MoneytiserService getMoneytiserService() -> a
    boolean isBound() -> b
io.moneytise.data.DataStore -> io.moneytise.a.a:
    android.content.Context context -> a
    java.lang.String get(java.lang.String) -> a
    android.content.SharedPreferences pref() -> a
    void set(java.lang.String,java.lang.String) -> a
io.moneytise.job.ConfigSyncJob -> io.moneytise.b.a:
    android.content.Context context -> a
    io.moneytise.task.ProxyAsyncTask proxyTask -> d
    int requestsCounts -> j
    io.moneytise.support.ConfigManager confManager -> b
    int failedAttempts -> k
    java.lang.String TAG -> m
    long retryDelay -> h
    int maxRetries -> i
    java.lang.String uid -> l
    io.moneytise.service.HttpManager httpManager -> c
    android.os.Handler handler -> f
    java.util.List errors -> e
    android.os.PowerManager$WakeLock wakeLock -> g
    int access$000(io.moneytise.job.ConfigSyncJob) -> a
    int access$002(io.moneytise.job.ConfigSyncJob,int) -> a
    io.moneytise.task.ProxyAsyncTask access$202(io.moneytise.job.ConfigSyncJob,io.moneytise.task.ProxyAsyncTask) -> a
    long getUpTime(java.util.concurrent.TimeUnit) -> a
    boolean isRunning() -> a
    void schedule(java.lang.String) -> a
    int access$008(io.moneytise.job.ConfigSyncJob) -> b
    void reschedule() -> b
    io.moneytise.support.ConfigManager access$100(io.moneytise.job.ConfigSyncJob) -> c
    void shutdown() -> c
    io.moneytise.task.ProxyAsyncTask access$200(io.moneytise.job.ConfigSyncJob) -> d
    java.util.List access$300(io.moneytise.job.ConfigSyncJob) -> e
    int access$400(io.moneytise.job.ConfigSyncJob) -> f
    android.os.Handler access$500(io.moneytise.job.ConfigSyncJob) -> g
    long access$600(io.moneytise.job.ConfigSyncJob) -> h
io.moneytise.job.ConfigSyncJob$1 -> io.moneytise.b.a$a:
    io.moneytise.job.ConfigSyncJob this$0 -> a
    void onResponse(java.lang.String) -> a
io.moneytise.job.ConfigSyncJob$2 -> io.moneytise.b.a$b:
    io.moneytise.job.ConfigSyncJob this$0 -> a