sdk/build/outputs/mapping/release/usage.txt
io.moneytise.data.DataStore:
    public static synchronized io.moneytise.data.DataStore getInstance(android.content.Context)
    public boolean contains(java.lang.String)
    public boolean is(java.lang.String)
    public boolean has(java.lang.String)
    public void set(java.lang.String,boolean)
    private static io.moneytise.data.DataStore instance
io.moneytise.util.LogUtils:
    public static boolean isDebug(java.lang.String)
    public static boolean isInfo(java.lang.String)
    public static void v(java.lang.String,java.lang.String)
    public static void v(java.lang.String,java.lang.String,java.lang.Throwable)
    public static varargs void d(java.lang.String,java.lang.String,java.lang.Throwable,java.lang.Object[])
    public static varargs void i(java.lang.String,java.lang.String,java.lang.Throwable,java.lang.Object[])
    public static varargs void w(java.lang.String,java.lang.String,java.lang.Throwable,java.lang.Object[])
    private void <init>()
io.moneytise.ThreeProxy:
    public void <init>()
io.moneytise.BuildConfig
io.moneytise.service.HttpManager:
    public com.android.volley.toolbox.ImageLoader getImageLoader()
io.moneytise.service.MoneytiserService:
    public void onNetworkStateChanged(io.moneytise.event.NetworkStateChanged)
    public int getRequestsCounts()
    public java.util.List getErrors()
    public static final java.lang.String CHANNEL_ID
io.moneytise.receiver.ConfigSyncAlarmTrigger$1
io.moneytise.receiver.ConfigSyncAlarmTrigger
io.moneytise.support.ConnectivityHelper
io.moneytise.util.FileUtils:
    public static java.lang.String toString(java.lang.String)
    private void <init>()
io.moneytise.util.TimeUtils
io.moneytise.event.NetworkStateChanged
io.moneytise.Moneytiser:
    private boolean isFireTV()
    public io.moneytise.Moneytiser enableConfigLogging()
    public int getRequestsCounts()
    public java.util.List getErrors()
    public static final java.lang.String NEED_FOREGROUND_KEY
    public static final java.lang.String EVENT
    public static final java.lang.String PUBLISHER_PLACE_HOLDER
    public static final java.lang.String UID_PLACE_HOLDER
    public static final java.lang.String CID_PLACE_HOLDER
    private static final java.lang.String DEFAULT_BASE_URL
    private static final java.lang.String DEFAULT_CATEGORY
    private static final long DEFAULT_DELAY
io.moneytise.task.ProxyAsyncTask:
    public long getUpTime()
    private static final java.lang.String TAG
io.moneytise.support.ConfigManager:
    private static final java.lang.String CONFIG_FILE
    private static final java.lang.String NO_AUTH
io.moneytise.job.ConfigSyncJob:
    public int getRequestsCounts()
    public java.util.List getErrors()
    public boolean hasErrors()
    private static final long DELAY_IN_CASE_NO_CONNECTIVITY
io.moneytise.service.ConfigSyncService
io.moneytise.service.HttpManager:
    private com.android.volley.toolbox.ImageLoader mImageLoader
    private static final java.lang.String TAG
io.moneytise.service.HttpManager$1:
    final synthetic io.moneytise.service.HttpManager this$0
io.moneytise.service.HttpManager$2:
    final synthetic io.moneytise.service.HttpManager this$0
io.moneytise.Moneytiser$ProxyServiceConnection:
    final synthetic io.moneytise.Moneytiser this$0
io.moneytise.service.MoneytiserService$2:
    final synthetic io.moneytise.service.MoneytiserService this$0